<!DOCTYPE html PUBLIC "-//W3C//DTD XHTML 1.1//EN" "https://www.w3.org/TR/xhtml11/DTD/xhtml11.dtd">
<html xmlns="https://www.w3.org/1999/xhtml">
<head>
<meta http-equiv="content-type" content="text/html; charset=UTF-8"/>
<title>TestNG Report</title>
<style type="text/css">table {margin-bottom:10px;border-collapse:collapse;empty-cells:show}th,td {border:1px solid #009;padding:.25em .5em}th {vertical-align:bottom}td {vertical-align:top}table a {font-weight:bold}.stripe td {background-color: #E6EBF9}.num {text-align:right}.passedodd td {background-color: #3F3}.passedeven td {background-color: #0A0}.skippedodd td {background-color: #DDD}.skippedeven td {background-color: #CCC}.failedodd td,.attn {background-color: #F33}.failedeven td,.stripe .attn {background-color: #D00}.stacktrace {white-space:pre;font-family:monospace}.totop {font-size:85%;text-align:center;border-bottom:2px solid #000}.invisible {display:none}</style>
</head>
<body>
<table>
<tr><th>Test</th><th># Passed</th><th># Skipped</th><th># Retried</th><th># Failed</th><th>Time (ms)</th><th>Included Groups</th><th>Excluded Groups</th></tr>
<tr><th colspan="8">All Test Suite</th></tr>
<tr><td><a href="#t0">C:/Users/divya/IdeaProjects/SpicejetAutomationProject</a></td><td class="num">11</td><td class="num">0</td><td class="num">0</td><td class="num attn">2</td><td class="num">367,093</td><td></td><td></td></tr>
</table>
<table id='summary'><thead><tr><th>Class</th><th>Method</th><th>Start</th><th>Time (ms)</th></tr></thead><tbody><tr><th colspan="4">All Test Suite</th></tr></tbody><tbody id="t0"><tr><th colspan="4">C:/Users/divya/IdeaProjects/SpicejetAutomationProject &#8212; failed</th></tr><tr class="failedeven"><td rowspan="2">TestCases.TC_01_SignUp</td><td><a href="#m0">testInvalidSignup</a></td><td rowspan="1">1713186163892</td><td rowspan="1">13658</td></tr><tr class="failedeven"><td><a href="#m1">testSignup</a></td><td rowspan="1">1713186133240</td><td rowspan="1">16957</td></tr><tr><th colspan="4">C:/Users/divya/IdeaProjects/SpicejetAutomationProject &#8212; passed</th></tr><tr class="passedeven"><td rowspan="2">TestCases.TC_02_ValidLogin</td><td><a href="#m2">testValidEmailLoginCredentials</a></td><td rowspan="1">1713186190992</td><td rowspan="1">13507</td></tr><tr class="passedeven"><td><a href="#m3">testValidMobileLogin</a></td><td rowspan="1">1713186220264</td><td rowspan="1">16969</td></tr><tr class="passedodd"><td rowspan="4">TestCases.TC_03_InvalidLoginAttempts</td><td><a href="#m4">testInvalidMobileNumber</a></td><td rowspan="1">1713186319339</td><td rowspan="1">6524</td></tr><tr class="passedodd"><td><a href="#m5">testWithEmptyCredentials</a></td><td rowspan="1">1713186294818</td><td rowspan="1">5887</td></tr><tr class="passedodd"><td><a href="#m6">testWithInvalidPassword</a></td><td rowspan="1">1713186273637</td><td rowspan="1">8320</td></tr><tr class="passedodd"><td><a href="#m7">testWithInvalidUsername</a></td><td rowspan="1">1713186251359</td><td rowspan="1">7408</td></tr><tr class="passedeven"><td rowspan="1">TestCases.TC_04_OnewayFlightSearch</td><td><a href="#m8">onewaySearchFlight</a></td><td rowspan="1">1713186342145</td><td rowspan="1">11130</td></tr><tr class="passedodd"><td rowspan="1">TestCases.TC_05_RoundTripFlightSearch</td><td><a href="#m9">testRoundTrip</a></td><td rowspan="1">1713186369721</td><td rowspan="1">10983</td></tr><tr class="passedeven"><td rowspan="1">TestCases.TC_06_FlightSelection</td><td><a href="#m10">testFlightSelection</a></td><td rowspan="1">1713186395635</td><td rowspan="1">10041</td></tr><tr class="passedodd"><td rowspan="1">TestCases.TC_07_FlightBookingWithPayment</td><td><a href="#m11">testFlightBooking</a></td><td rowspan="1">1713186420629</td><td rowspan="1">47692</td></tr><tr class="passedeven"><td rowspan="1">TestCases.TC_08_ValidationFields</td><td><a href="#m12">testValidation</a></td><td rowspan="1">1713186482328</td><td rowspan="1">4401</td></tr></tbody>
</table>
<h2>C:/Users/divya/IdeaProjects/SpicejetAutomationProject</h2><h3 id="m0">TestCases.TC_01_SignUp#testInvalidSignup</h3><table class="result"><tr><th>Exception</th></tr><tr><td><div class="stacktrace">java.lang.AssertionError: null
	at org.testng.Assert.fail(Assert.java:111)
	at org.testng.Assert.fail(Assert.java:116)
	at TestCases.TC_01_SignUp.testInvalidSignup(TC_01_SignUp.java:148)
	at java.base/jdk.internal.reflect.DirectMethodHandleAccessor.invoke(DirectMethodHandleAccessor.java:103)
	at java.base/java.lang.reflect.Method.invoke(Method.java:580)
	at org.testng.internal.invokers.MethodInvocationHelper.invokeMethod(MethodInvocationHelper.java:139)
	at org.testng.internal.invokers.TestInvoker.invokeMethod(TestInvoker.java:664)
	at org.testng.internal.invokers.TestInvoker.invokeTestMethod(TestInvoker.java:228)
	at org.testng.internal.invokers.MethodRunner.runInSequence(MethodRunner.java:63)
	at org.testng.internal.invokers.TestInvoker$MethodInvocationAgent.invoke(TestInvoker.java:961)
	at org.testng.internal.invokers.TestInvoker.invokeTestMethods(TestInvoker.java:201)
	at org.testng.internal.invokers.TestMethodWorker.invokeTestMethods(TestMethodWorker.java:148)
	at org.testng.internal.invokers.TestMethodWorker.run(TestMethodWorker.java:128)
	at java.base/java.util.ArrayList.forEach(ArrayList.java:1596)
	at org.testng.TestRunner.privateRun(TestRunner.java:819)
	at org.testng.TestRunner.run(TestRunner.java:619)
	at org.testng.SuiteRunner.runTest(SuiteRunner.java:443)
	at org.testng.SuiteRunner.runSequentially(SuiteRunner.java:437)
	at org.testng.SuiteRunner.privateRun(SuiteRunner.java:397)
	at org.testng.SuiteRunner.run(SuiteRunner.java:336)
	at org.testng.SuiteRunnerWorker.runSuite(SuiteRunnerWorker.java:52)
	at org.testng.SuiteRunnerWorker.run(SuiteRunnerWorker.java:95)
	at org.testng.TestNG.runSuitesSequentially(TestNG.java:1301)
	at org.testng.TestNG.runSuitesLocally(TestNG.java:1228)
	at org.testng.TestNG.runSuites(TestNG.java:1134)
	at org.testng.TestNG.run(TestNG.java:1101)
	at com.intellij.rt.testng.IDEARemoteTestNG.run(IDEARemoteTestNG.java:65)
	at com.intellij.rt.testng.RemoteTestNGStarter.main(RemoteTestNGStarter.java:105)
</div></td></tr></table><p class="totop"><a href="#summary">back to summary</a></p>
<h3 id="m1">TestCases.TC_01_SignUp#testSignup</h3><table class="result"><tr><th>Exception</th></tr><tr><td><div class="stacktrace">java.lang.AssertionError: null
	at org.testng.Assert.fail(Assert.java:111)
	at org.testng.Assert.fail(Assert.java:116)
	at TestCases.TC_01_SignUp.testSignup(TC_01_SignUp.java:81)
	at java.base/jdk.internal.reflect.DirectMethodHandleAccessor.invoke(DirectMethodHandleAccessor.java:103)
	at java.base/java.lang.reflect.Method.invoke(Method.java:580)
	at org.testng.internal.invokers.MethodInvocationHelper.invokeMethod(MethodInvocationHelper.java:139)
	at org.testng.internal.invokers.TestInvoker.invokeMethod(TestInvoker.java:664)
	at org.testng.internal.invokers.TestInvoker.invokeTestMethod(TestInvoker.java:228)
	at org.testng.internal.invokers.MethodRunner.runInSequence(MethodRunner.java:63)
	at org.testng.internal.invokers.TestInvoker$MethodInvocationAgent.invoke(TestInvoker.java:961)
	at org.testng.internal.invokers.TestInvoker.invokeTestMethods(TestInvoker.java:201)
	at org.testng.internal.invokers.TestMethodWorker.invokeTestMethods(TestMethodWorker.java:148)
	at org.testng.internal.invokers.TestMethodWorker.run(TestMethodWorker.java:128)
	at java.base/java.util.ArrayList.forEach(ArrayList.java:1596)
	at org.testng.TestRunner.privateRun(TestRunner.java:819)
	at org.testng.TestRunner.run(TestRunner.java:619)
	at org.testng.SuiteRunner.runTest(SuiteRunner.java:443)
	at org.testng.SuiteRunner.runSequentially(SuiteRunner.java:437)
	at org.testng.SuiteRunner.privateRun(SuiteRunner.java:397)
	at org.testng.SuiteRunner.run(SuiteRunner.java:336)
	at org.testng.SuiteRunnerWorker.runSuite(SuiteRunnerWorker.java:52)
	at org.testng.SuiteRunnerWorker.run(SuiteRunnerWorker.java:95)
	at org.testng.TestNG.runSuitesSequentially(TestNG.java:1301)
	at org.testng.TestNG.runSuitesLocally(TestNG.java:1228)
	at org.testng.TestNG.runSuites(TestNG.java:1134)
	at org.testng.TestNG.run(TestNG.java:1101)
	at com.intellij.rt.testng.IDEARemoteTestNG.run(IDEARemoteTestNG.java:65)
	at com.intellij.rt.testng.RemoteTestNGStarter.main(RemoteTestNGStarter.java:105)
</div></td></tr></table><p class="totop"><a href="#summary">back to summary</a></p>
<h3 id="m2">TestCases.TC_02_ValidLogin#testValidEmailLoginCredentials</h3><table class="result"><tr><th class="invisible"/></tr></table><p class="totop"><a href="#summary">back to summary</a></p>
<h3 id="m3">TestCases.TC_02_ValidLogin#testValidMobileLogin</h3><table class="result"><tr><th class="invisible"/></tr></table><p class="totop"><a href="#summary">back to summary</a></p>
<h3 id="m4">TestCases.TC_03_InvalidLoginAttempts#testInvalidMobileNumber</h3><table class="result"><tr><th class="invisible"/></tr></table><p class="totop"><a href="#summary">back to summary</a></p>
<h3 id="m5">TestCases.TC_03_InvalidLoginAttempts#testWithEmptyCredentials</h3><table class="result"><tr><th class="invisible"/></tr></table><p class="totop"><a href="#summary">back to summary</a></p>
<h3 id="m6">TestCases.TC_03_InvalidLoginAttempts#testWithInvalidPassword</h3><table class="result"><tr><th class="invisible"/></tr></table><p class="totop"><a href="#summary">back to summary</a></p>
<h3 id="m7">TestCases.TC_03_InvalidLoginAttempts#testWithInvalidUsername</h3><table class="result"><tr><th class="invisible"/></tr></table><p class="totop"><a href="#summary">back to summary</a></p>
<h3 id="m8">TestCases.TC_04_OnewayFlightSearch#onewaySearchFlight</h3><table class="result"><tr><th class="invisible"/></tr></table><p class="totop"><a href="#summary">back to summary</a></p>
<h3 id="m9">TestCases.TC_05_RoundTripFlightSearch#testRoundTrip</h3><table class="result"><tr><th class="invisible"/></tr></table><p class="totop"><a href="#summary">back to summary</a></p>
<h3 id="m10">TestCases.TC_06_FlightSelection#testFlightSelection</h3><table class="result"><tr><th class="invisible"/></tr></table><p class="totop"><a href="#summary">back to summary</a></p>
<h3 id="m11">TestCases.TC_07_FlightBookingWithPayment#testFlightBooking</h3><table class="result"><tr><th class="invisible"/></tr></table><p class="totop"><a href="#summary">back to summary</a></p>
<h3 id="m12">TestCases.TC_08_ValidationFields#testValidation</h3><table class="result"><tr><th class="invisible"/></tr></table><p class="totop"><a href="#summary">back to summary</a></p>
</body>
</html>
